
 算例验证 

 C O N T R O L   I N F O R M A T I O N

      NUMBER OF NODAL POINTS . . . . . . . . . . (NUMNP)  =         45 
      NUMBER OF ELEMENT GROUPS . . . . . . . . . (NUMEG)  =          1 
      NUMBER OF LOAD CASES . . . . . . . . . . . (NLCASE) =          1 
      SOLUTION MODE  . . . . . . . . . . . . . . (MODEX)  =          1 
         EQ.0, DATA CHECK 
         EQ.1, EXECUTION


 N O D A L   P O I N T   D A T A 

       NODE          BOUNDARY                         NODAL POINT
      NUMBER     CONDITION  CODES                     COORDINATES
                    X    Y    Z               X            Y            Z
         1          1    1    1             -0.800        0.000        0.000
         2          1    1    1             -0.600        0.000        0.000
         3          1    1    1             -0.400        0.000        0.000
         4          1    1    1             -0.200        0.000        0.000
         5          1    1    1              0.000        0.000        0.000
         6          1    1    1              0.200        0.000        0.000
         7          1    1    1              0.400        0.000        0.000
         8          1    1    1              0.600        0.000        0.000
         9          1    1    1              0.800        0.000        0.000
        10          0    0    1             -0.700        0.100        0.000
        11          0    0    1             -0.525        0.100        0.000
        12          0    0    1             -0.350        0.100        0.000
        13          0    0    1             -0.175        0.100        0.000
        14          0    0    1              0.000        0.100        0.000
        15          0    0    1              0.175        0.100        0.000
        16          0    0    1              0.350        0.100        0.000
        17          0    0    1              0.525        0.100        0.000
        18          0    0    1              0.700        0.100        0.000
        19          0    0    1             -0.600        0.200        0.000
        20          0    0    1             -0.450        0.200        0.000
        21          0    0    1             -0.300        0.200        0.000
        22          0    0    1             -0.150        0.200        0.000
        23          0    0    1              0.000        0.200        0.000
        24          0    0    1              0.150        0.200        0.000
        25          0    0    1              0.300        0.200        0.000
        26          0    0    1              0.450        0.200        0.000
        27          0    0    1              0.600        0.200        0.000
        28          0    0    1             -0.500        0.300        0.000
        29          0    0    1             -0.375        0.300        0.000
        30          0    0    1             -0.250        0.300        0.000
        31          0    0    1             -0.125        0.300        0.000
        32          0    0    1              0.000        0.300        0.000
        33          0    0    1              0.125        0.300        0.000
        34          0    0    1              0.250        0.300        0.000
        35          0    0    1              0.375        0.300        0.000
        36          0    0    1              0.500        0.300        0.000
        37          0    0    1             -0.400        0.400        0.000
        38          0    0    1             -0.300        0.400        0.000
        39          0    0    1             -0.200        0.400        0.000
        40          0    0    1             -0.100        0.400        0.000
        41          0    0    1              0.000        0.400        0.000
        42          0    0    1              0.100        0.400        0.000
        43          0    0    1              0.200        0.400        0.000
        44          0    0    1              0.300        0.400        0.000
        45          0    0    1              0.400        0.400        0.000


 EQUATION NUMBERS

        NODE         DEGREES OF FREEDOM
       NUMBER
          N                  X         Y         Z
          1                  0         0         0
          2                  0         0         0
          3                  0         0         0
          4                  0         0         0
          5                  0         0         0
          6                  0         0         0
          7                  0         0         0
          8                  0         0         0
          9                  0         0         0
         10                  1         2         0
         11                  3         4         0
         12                  5         6         0
         13                  7         8         0
         14                  9        10         0
         15                 11        12         0
         16                 13        14         0
         17                 15        16         0
         18                 17        18         0
         19                 19        20         0
         20                 21        22         0
         21                 23        24         0
         22                 25        26         0
         23                 27        28         0
         24                 29        30         0
         25                 31        32         0
         26                 33        34         0
         27                 35        36         0
         28                 37        38         0
         29                 39        40         0
         30                 41        42         0
         31                 43        44         0
         32                 45        46         0
         33                 47        48         0
         34                 49        50         0
         35                 51        52         0
         36                 53        54         0
         37                 55        56         0
         38                 57        58         0
         39                 59        60         0
         40                 61        62         0
         41                 63        64         0
         42                 65        66         0
         43                 67        68         0
         44                 69        70         0
         45                 71        72         0


 L O A D   C A S E   D A T A

     LOAD CASE NUMBER . . . . . . . =          1
     NUMBER OF CONCENTRATED LOADS . =          1


        NODE       DIRECTION      LOAD
       NUMBER                   MAGNITUDE
        41            2        5.00000e+04

 E L E M E N T   G R O U P   D A T A


 E L E M E N T   D E F I N I T I O N

 ELEMENT TYPE  . . . . . . . . . . . . .( NPAR(1) ) . . =          2
     EQ.1, TRUSS ELEMENTS
     EQ.2, ELEMENTS CURRENTLY
     EQ.3, NOT AVAILABLE
 NUMBER OF ELEMENTS. . . . . . . . . . .( NPAR(2) ) . . =         32

 M A T E R I A L   D E F I N I T I O N

 NUMBER OF DIFFERENT SETS OF MATERIAL
 AND CROSS-SECTIONAL  CONSTANTS  . . . .( NPAR(3) ) . . =          1
  SET       YOUNG'S     CROSS-SECTIONAL
 NUMBER     MODULUS          Poisson
               E             nu
    1     3.00000e+11    3.000000e-01


 E L E M E N T   I N F O R M A T I O N

      ELEMENT          NODE          NODE          NODE          NODE       MATERIAL
      NUMBER-N           I1             I2             I3             I4       SET NUMBER
         1               1             2            11           10           1
         2               2             3            12           11           1
         3               3             4            13           12           1
         4               4             5            14           13           1
         5               5             6            15           14           1
         6               6             7            16           15           1
         7               7             8            17           16           1
         8               8             9            18           17           1
         9              10            11            20           19           1
        10              11            12            21           20           1
        11              12            13            22           21           1
        12              13            14            23           22           1
        13              14            15            24           23           1
        14              15            16            25           24           1
        15              16            17            26           25           1
        16              17            18            27           26           1
        17              19            20            29           28           1
        18              20            21            30           29           1
        19              21            22            31           30           1
        20              22            23            32           31           1
        21              23            24            33           32           1
        22              24            25            34           33           1
        23              25            26            35           34           1
        24              26            27            36           35           1
        25              28            29            38           37           1
        26              29            30            39           38           1
        27              30            31            40           39           1
        28              31            32            41           40           1
        29              32            33            42           41           1
        30              33            34            43           42           1
        31              34            35            44           43           1
        32              35            36            45           44           1


  TOTAL SYSTEM DATA

     NUMBER OF EQUATIONS . . . . . . . . . . . . . .(NEQ) =         72
     NUMBER OF MATRIX ELEMENTS . . . . . . . . . . .(NWK) =       1208
     MAXIMUM HALF BANDWIDTH  . . . . . . . . . . . .(MK ) =         22
     MEAN HALF BANDWIDTH . . . . . . . . . . . . . .(MM ) =         17


 LOAD CASE   1

 D I S P L A C E M E N T S

       NODE           X-DISPLACEMENT    Y-DISPLACEMENT    Z-DISPLACEMENT
          1              0.000000e+00      0.000000e+00      0.000000e+00
          2              0.000000e+00      0.000000e+00      0.000000e+00
          3              0.000000e+00      0.000000e+00      0.000000e+00
          4              0.000000e+00      0.000000e+00      0.000000e+00
          5              0.000000e+00      0.000000e+00      0.000000e+00
          6              0.000000e+00      0.000000e+00      0.000000e+00
          7              0.000000e+00      0.000000e+00      0.000000e+00
          8              0.000000e+00      0.000000e+00      0.000000e+00
          9              0.000000e+00      0.000000e+00      0.000000e+00
         10              2.509941e-09     -1.460016e-10      0.000000e+00
         11              5.022417e-09     -6.870802e-10      0.000000e+00
         12              1.091993e-08      4.781811e-09      0.000000e+00
         13              1.396845e-08      2.145699e-08      0.000000e+00
         14             -6.042296e-25      3.622294e-08      0.000000e+00
         15             -1.396845e-08      2.145699e-08      0.000000e+00
         16             -1.091993e-08      4.781811e-09      0.000000e+00
         17             -5.022417e-09     -6.870802e-10      0.000000e+00
         18             -2.509941e-09     -1.460016e-10      0.000000e+00
         19              5.333790e-09     -2.211463e-09      0.000000e+00
         20              7.288747e-09     -2.314984e-10      0.000000e+00
         21              1.408417e-08      1.306792e-08      0.000000e+00
         22              1.919778e-08      4.927106e-08      0.000000e+00
         23              2.688337e-24      8.395844e-08      0.000000e+00
         24             -1.919778e-08      4.927106e-08      0.000000e+00
         25             -1.408417e-08      1.306792e-08      0.000000e+00
         26             -7.288747e-09     -2.314984e-10      0.000000e+00
         27             -5.333790e-09     -2.211463e-09      0.000000e+00
         28              1.181928e-09     -3.136960e-09      0.000000e+00
         29              7.432426e-10      4.903147e-09      0.000000e+00
         30              2.955793e-09      2.356981e-08      0.000000e+00
         31              2.076192e-08      8.073423e-08      0.000000e+00
         32             -5.790264e-24      1.590528e-07      0.000000e+00
         33             -2.076192e-08      8.073423e-08      0.000000e+00
         34             -2.955793e-09      2.356981e-08      0.000000e+00
         35             -7.432426e-10      4.903147e-09      0.000000e+00
         36             -1.181928e-09     -3.136960e-09      0.000000e+00
         37             -1.333424e-08      3.859746e-09      0.000000e+00
         38             -1.809920e-08      1.611600e-08      0.000000e+00
         39             -2.646854e-08      4.301024e-08      0.000000e+00
         40             -3.876518e-08      8.941403e-08      0.000000e+00
         41              1.985233e-23      3.142706e-07      0.000000e+00
         42              3.876518e-08      8.941403e-08      0.000000e+00
         43              2.646854e-08      4.301024e-08      0.000000e+00
         44              1.809920e-08      1.611600e-08      0.000000e+00
         45              1.333424e-08      3.859746e-09      0.000000e+00


  S T R E S S  C A L C U L A T I O N S  F O R  E L E M E N T  G R O U P    1

       ELEMENT             SIGMAxx         SIGMAyy         SIGMAxy
       NUMBER
          1      1.977069e+03     -2.687556e+02     3.482660e+03
          2      6.409703e+03      5.265649e+03     9.759129e+03
          3      1.403053e+04      3.844605e+04     1.925120e+04
          4      1.545322e+04      8.964421e+04     1.325995e+04
          5      1.545322e+04      8.964421e+04    -1.325995e+04
          6      1.403053e+04      3.844605e+04    -1.925120e+04
          7      6.409703e+03      5.265649e+03    -9.759129e+03
          8      1.977069e+03     -2.687556e+02    -3.482660e+03
          9      3.328825e+03     -2.632959e+03     2.085388e+03
         10      1.363205e+04      6.236813e+03     7.053756e+03
         11      2.009787e+04      4.166576e+04     2.273515e+04
         12      1.609734e+03      1.080308e+05     2.227147e+04
         13      1.609734e+03      1.080308e+05    -2.227147e+04
         14      2.009787e+04      4.166576e+04    -2.273515e+04
         15      1.363205e+04      6.236813e+03    -7.053756e+03
         16      3.328825e+03     -2.632959e+03    -2.085388e+03
         17      5.971541e+02     -3.273944e+03    -2.409961e+03
         18      1.115232e+04      4.834041e+03     9.891128e+02
         19      3.605370e+04      3.520180e+04     3.035594e+04
         20     -5.536027e+02      1.440369e+05     5.110879e+04
         21     -5.536027e+02      1.440369e+05    -5.110879e+04
         22      3.605370e+04      3.520180e+04    -3.035594e+04
         23      1.115232e+04      4.834041e+03    -9.891128e+02
         24      5.971541e+02     -3.273944e+03     2.409961e+03
         25     -6.785768e+03      1.318739e+03    -6.296725e+03
         26     -7.129127e+03      5.461897e+03    -2.120567e+03
         27      3.294877e+03     -8.629182e+03     9.594149e+02
         28      9.375314e+04      2.223261e+05     1.232683e+05
         29      9.375314e+04      2.223261e+05    -1.232683e+05
         30      3.294877e+03     -8.629182e+03    -9.594149e+02
         31     -7.129127e+03      5.461897e+03     2.120567e+03
         32     -6.785768e+03      1.318739e+03     6.296725e+03


 S O L U T I O N   T I M E   L O G   I N   S E C

     TIME FOR INPUT PHASE  . . . . . . . . . . . . . . =         0.02
     TIME FOR CALCULATION OF STIFFNESS MATRIX  . . . . =         0.01
     TIME FOR FACTORIZATION OF STIFFNESS MATRIX  . . . =         0.00
     TIME FOR LOAD CASE SOLUTIONS  . . . . . . . . . . =         0.01

      T O T A L   S O L U T I O N   T I M E  . . . . . =         0.04
